ARM GAS  C:\Users\bhimebau\AppData\Local\Temp\cceIdo6z.s 			page 1


   1              		.cpu cortex-m4
   2              		.eabi_attribute 27, 1
   3              		.eabi_attribute 28, 1
   4              		.eabi_attribute 20, 1
   5              		.eabi_attribute 21, 1
   6              		.eabi_attribute 23, 3
   7              		.eabi_attribute 24, 1
   8              		.eabi_attribute 25, 1
   9              		.eabi_attribute 26, 1
  10              		.eabi_attribute 30, 1
  11              		.eabi_attribute 34, 1
  12              		.eabi_attribute 18, 4
  13              		.file	"stm32l4xx_hal_msp.c"
  14              		.text
  15              	.Ltext0:
  16              		.cfi_sections	.debug_frame
  17              		.section	.text.HAL_MspInit,"ax",%progbits
  18              		.align	1
  19              		.global	HAL_MspInit
  20              		.syntax unified
  21              		.thumb
  22              		.thumb_func
  23              		.fpu fpv4-sp-d16
  25              	HAL_MspInit:
  26              	.LFB123:
  27              		.file 1 "Src/stm32l4xx_hal_msp.c"
   1:Src/stm32l4xx_hal_msp.c **** /* USER CODE BEGIN Header */
   2:Src/stm32l4xx_hal_msp.c **** /**
   3:Src/stm32l4xx_hal_msp.c ****   ******************************************************************************
   4:Src/stm32l4xx_hal_msp.c ****   * File Name          : stm32l4xx_hal_msp.c
   5:Src/stm32l4xx_hal_msp.c ****   * Description        : This file provides code for the MSP Initialization 
   6:Src/stm32l4xx_hal_msp.c ****   *                      and de-Initialization codes.
   7:Src/stm32l4xx_hal_msp.c ****   ******************************************************************************
   8:Src/stm32l4xx_hal_msp.c ****   ** This notice applies to any and all portions of this file
   9:Src/stm32l4xx_hal_msp.c ****   * that are not between comment pairs USER CODE BEGIN and
  10:Src/stm32l4xx_hal_msp.c ****   * USER CODE END. Other portions of this file, whether 
  11:Src/stm32l4xx_hal_msp.c ****   * inserted by the user or by software development tools
  12:Src/stm32l4xx_hal_msp.c ****   * are owned by their respective copyright owners.
  13:Src/stm32l4xx_hal_msp.c ****   *
  14:Src/stm32l4xx_hal_msp.c ****   * COPYRIGHT(c) 2019 STMicroelectronics
  15:Src/stm32l4xx_hal_msp.c ****   *
  16:Src/stm32l4xx_hal_msp.c ****   * Redistribution and use in source and binary forms, with or without modification,
  17:Src/stm32l4xx_hal_msp.c ****   * are permitted provided that the following conditions are met:
  18:Src/stm32l4xx_hal_msp.c ****   *   1. Redistributions of source code must retain the above copyright notice,
  19:Src/stm32l4xx_hal_msp.c ****   *      this list of conditions and the following disclaimer.
  20:Src/stm32l4xx_hal_msp.c ****   *   2. Redistributions in binary form must reproduce the above copyright notice,
  21:Src/stm32l4xx_hal_msp.c ****   *      this list of conditions and the following disclaimer in the documentation
  22:Src/stm32l4xx_hal_msp.c ****   *      and/or other materials provided with the distribution.
  23:Src/stm32l4xx_hal_msp.c ****   *   3. Neither the name of STMicroelectronics nor the names of its contributors
  24:Src/stm32l4xx_hal_msp.c ****   *      may be used to endorse or promote products derived from this software
  25:Src/stm32l4xx_hal_msp.c ****   *      without specific prior written permission.
  26:Src/stm32l4xx_hal_msp.c ****   *
  27:Src/stm32l4xx_hal_msp.c ****   * THIS SOFTWARE IS PROVIDED BY THE COPYRIGHT HOLDERS AND CONTRIBUTORS "AS IS"
  28:Src/stm32l4xx_hal_msp.c ****   * AND ANY EXPRESS OR IMPLIED WARRANTIES, INCLUDING, BUT NOT LIMITED TO, THE
  29:Src/stm32l4xx_hal_msp.c ****   * IMPLIED WARRANTIES OF MERCHANTABILITY AND FITNESS FOR A PARTICULAR PURPOSE ARE
  30:Src/stm32l4xx_hal_msp.c ****   * DISCLAIMED. IN NO EVENT SHALL THE COPYRIGHT HOLDER OR CONTRIBUTORS BE LIABLE
  31:Src/stm32l4xx_hal_msp.c ****   * FOR ANY DIRECT, INDIRECT, INCIDENTAL, SPECIAL, EXEMPLARY, OR CONSEQUENTIAL
ARM GAS  C:\Users\bhimebau\AppData\Local\Temp\cceIdo6z.s 			page 2


  32:Src/stm32l4xx_hal_msp.c ****   * DAMAGES (INCLUDING, BUT NOT LIMITED TO, PROCUREMENT OF SUBSTITUTE GOODS OR
  33:Src/stm32l4xx_hal_msp.c ****   * SERVICES; LOSS OF USE, DATA, OR PROFITS; OR BUSINESS INTERRUPTION) HOWEVER
  34:Src/stm32l4xx_hal_msp.c ****   * CAUSED AND ON ANY THEORY OF LIABILITY, WHETHER IN CONTRACT, STRICT LIABILITY,
  35:Src/stm32l4xx_hal_msp.c ****   * OR TORT (INCLUDING NEGLIGENCE OR OTHERWISE) ARISING IN ANY WAY OUT OF THE USE
  36:Src/stm32l4xx_hal_msp.c ****   * OF THIS SOFTWARE, EVEN IF ADVISED OF THE POSSIBILITY OF SUCH DAMAGE.
  37:Src/stm32l4xx_hal_msp.c ****   *
  38:Src/stm32l4xx_hal_msp.c ****   ******************************************************************************
  39:Src/stm32l4xx_hal_msp.c ****   */
  40:Src/stm32l4xx_hal_msp.c **** /* USER CODE END Header */
  41:Src/stm32l4xx_hal_msp.c **** 
  42:Src/stm32l4xx_hal_msp.c **** /* Includes ------------------------------------------------------------------*/
  43:Src/stm32l4xx_hal_msp.c **** #include "main.h"
  44:Src/stm32l4xx_hal_msp.c **** /* USER CODE BEGIN Includes */
  45:Src/stm32l4xx_hal_msp.c **** 
  46:Src/stm32l4xx_hal_msp.c **** /* USER CODE END Includes */
  47:Src/stm32l4xx_hal_msp.c **** 
  48:Src/stm32l4xx_hal_msp.c **** /* Private typedef -----------------------------------------------------------*/
  49:Src/stm32l4xx_hal_msp.c **** /* USER CODE BEGIN TD */
  50:Src/stm32l4xx_hal_msp.c **** 
  51:Src/stm32l4xx_hal_msp.c **** /* USER CODE END TD */
  52:Src/stm32l4xx_hal_msp.c **** 
  53:Src/stm32l4xx_hal_msp.c **** /* Private define ------------------------------------------------------------*/
  54:Src/stm32l4xx_hal_msp.c **** /* USER CODE BEGIN Define */
  55:Src/stm32l4xx_hal_msp.c ****  
  56:Src/stm32l4xx_hal_msp.c **** /* USER CODE END Define */
  57:Src/stm32l4xx_hal_msp.c **** 
  58:Src/stm32l4xx_hal_msp.c **** /* Private macro -------------------------------------------------------------*/
  59:Src/stm32l4xx_hal_msp.c **** /* USER CODE BEGIN Macro */
  60:Src/stm32l4xx_hal_msp.c **** 
  61:Src/stm32l4xx_hal_msp.c **** /* USER CODE END Macro */
  62:Src/stm32l4xx_hal_msp.c **** 
  63:Src/stm32l4xx_hal_msp.c **** /* Private variables ---------------------------------------------------------*/
  64:Src/stm32l4xx_hal_msp.c **** /* USER CODE BEGIN PV */
  65:Src/stm32l4xx_hal_msp.c **** 
  66:Src/stm32l4xx_hal_msp.c **** /* USER CODE END PV */
  67:Src/stm32l4xx_hal_msp.c **** 
  68:Src/stm32l4xx_hal_msp.c **** /* Private function prototypes -----------------------------------------------*/
  69:Src/stm32l4xx_hal_msp.c **** /* USER CODE BEGIN PFP */
  70:Src/stm32l4xx_hal_msp.c **** 
  71:Src/stm32l4xx_hal_msp.c **** /* USER CODE END PFP */
  72:Src/stm32l4xx_hal_msp.c **** 
  73:Src/stm32l4xx_hal_msp.c **** /* External functions --------------------------------------------------------*/
  74:Src/stm32l4xx_hal_msp.c **** /* USER CODE BEGIN ExternalFunctions */
  75:Src/stm32l4xx_hal_msp.c **** 
  76:Src/stm32l4xx_hal_msp.c **** /* USER CODE END ExternalFunctions */
  77:Src/stm32l4xx_hal_msp.c **** 
  78:Src/stm32l4xx_hal_msp.c **** /* USER CODE BEGIN 0 */
  79:Src/stm32l4xx_hal_msp.c **** 
  80:Src/stm32l4xx_hal_msp.c **** /* USER CODE END 0 */
  81:Src/stm32l4xx_hal_msp.c **** /**
  82:Src/stm32l4xx_hal_msp.c ****   * Initializes the Global MSP.
  83:Src/stm32l4xx_hal_msp.c ****   */
  84:Src/stm32l4xx_hal_msp.c **** void HAL_MspInit(void)
  85:Src/stm32l4xx_hal_msp.c **** {
  28              		.loc 1 85 0
  29              		.cfi_startproc
  30              		@ args = 0, pretend = 0, frame = 8
ARM GAS  C:\Users\bhimebau\AppData\Local\Temp\cceIdo6z.s 			page 3


  31              		@ frame_needed = 0, uses_anonymous_args = 0
  32              		@ link register save eliminated.
  33 0000 82B0     		sub	sp, sp, #8
  34              	.LCFI0:
  35              		.cfi_def_cfa_offset 8
  36              	.LBB2:
  86:Src/stm32l4xx_hal_msp.c ****   /* USER CODE BEGIN MspInit 0 */
  87:Src/stm32l4xx_hal_msp.c **** 
  88:Src/stm32l4xx_hal_msp.c ****   /* USER CODE END MspInit 0 */
  89:Src/stm32l4xx_hal_msp.c **** 
  90:Src/stm32l4xx_hal_msp.c ****   __HAL_RCC_SYSCFG_CLK_ENABLE();
  37              		.loc 1 90 0
  38 0002 0A4B     		ldr	r3, .L3
  39 0004 1A6E     		ldr	r2, [r3, #96]
  40 0006 42F00102 		orr	r2, r2, #1
  41 000a 1A66     		str	r2, [r3, #96]
  42 000c 1A6E     		ldr	r2, [r3, #96]
  43 000e 02F00102 		and	r2, r2, #1
  44 0012 0092     		str	r2, [sp]
  45 0014 009A     		ldr	r2, [sp]
  46              	.LBE2:
  47              	.LBB3:
  91:Src/stm32l4xx_hal_msp.c ****   __HAL_RCC_PWR_CLK_ENABLE();
  48              		.loc 1 91 0
  49 0016 9A6D     		ldr	r2, [r3, #88]
  50 0018 42F08052 		orr	r2, r2, #268435456
  51 001c 9A65     		str	r2, [r3, #88]
  52 001e 9B6D     		ldr	r3, [r3, #88]
  53 0020 03F08053 		and	r3, r3, #268435456
  54 0024 0193     		str	r3, [sp, #4]
  55 0026 019B     		ldr	r3, [sp, #4]
  56              	.LBE3:
  92:Src/stm32l4xx_hal_msp.c **** 
  93:Src/stm32l4xx_hal_msp.c ****   /* System interrupt init*/
  94:Src/stm32l4xx_hal_msp.c **** 
  95:Src/stm32l4xx_hal_msp.c ****   /* USER CODE BEGIN MspInit 1 */
  96:Src/stm32l4xx_hal_msp.c **** 
  97:Src/stm32l4xx_hal_msp.c ****   /* USER CODE END MspInit 1 */
  98:Src/stm32l4xx_hal_msp.c **** }
  57              		.loc 1 98 0
  58 0028 02B0     		add	sp, sp, #8
  59              	.LCFI1:
  60              		.cfi_def_cfa_offset 0
  61              		@ sp needed
  62 002a 7047     		bx	lr
  63              	.L4:
  64              		.align	2
  65              	.L3:
  66 002c 00100240 		.word	1073876992
  67              		.cfi_endproc
  68              	.LFE123:
  70              		.section	.text.HAL_SMBUS_MspInit,"ax",%progbits
  71              		.align	1
  72              		.global	HAL_SMBUS_MspInit
  73              		.syntax unified
  74              		.thumb
  75              		.thumb_func
ARM GAS  C:\Users\bhimebau\AppData\Local\Temp\cceIdo6z.s 			page 4


  76              		.fpu fpv4-sp-d16
  78              	HAL_SMBUS_MspInit:
  79              	.LFB124:
  99:Src/stm32l4xx_hal_msp.c **** 
 100:Src/stm32l4xx_hal_msp.c **** /**
 101:Src/stm32l4xx_hal_msp.c **** * @brief SMBUS MSP Initialization
 102:Src/stm32l4xx_hal_msp.c **** * This function configures the hardware resources used in this example
 103:Src/stm32l4xx_hal_msp.c **** * @param hsmbus: SMBUS handle pointer
 104:Src/stm32l4xx_hal_msp.c **** * @retval None
 105:Src/stm32l4xx_hal_msp.c **** */
 106:Src/stm32l4xx_hal_msp.c **** void HAL_SMBUS_MspInit(SMBUS_HandleTypeDef* hsmbus)
 107:Src/stm32l4xx_hal_msp.c **** {
  80              		.loc 1 107 0
  81              		.cfi_startproc
  82              		@ args = 0, pretend = 0, frame = 32
  83              		@ frame_needed = 0, uses_anonymous_args = 0
  84              	.LVL0:
  85 0000 10B5     		push	{r4, lr}
  86              	.LCFI2:
  87              		.cfi_def_cfa_offset 8
  88              		.cfi_offset 4, -8
  89              		.cfi_offset 14, -4
  90 0002 88B0     		sub	sp, sp, #32
  91              	.LCFI3:
  92              		.cfi_def_cfa_offset 40
 108:Src/stm32l4xx_hal_msp.c **** 
 109:Src/stm32l4xx_hal_msp.c ****   GPIO_InitTypeDef GPIO_InitStruct = {0};
  93              		.loc 1 109 0
  94 0004 0023     		movs	r3, #0
  95 0006 0393     		str	r3, [sp, #12]
  96 0008 0493     		str	r3, [sp, #16]
  97 000a 0593     		str	r3, [sp, #20]
  98 000c 0693     		str	r3, [sp, #24]
  99 000e 0793     		str	r3, [sp, #28]
 110:Src/stm32l4xx_hal_msp.c ****   if(hsmbus->Instance==I2C1)
 100              		.loc 1 110 0
 101 0010 0268     		ldr	r2, [r0]
 102 0012 144B     		ldr	r3, .L9
 103 0014 9A42     		cmp	r2, r3
 104 0016 01D0     		beq	.L8
 105              	.LVL1:
 106              	.L5:
 111:Src/stm32l4xx_hal_msp.c ****   {
 112:Src/stm32l4xx_hal_msp.c ****   /* USER CODE BEGIN I2C1_MspInit 0 */
 113:Src/stm32l4xx_hal_msp.c **** 
 114:Src/stm32l4xx_hal_msp.c ****   /* USER CODE END I2C1_MspInit 0 */
 115:Src/stm32l4xx_hal_msp.c ****   
 116:Src/stm32l4xx_hal_msp.c ****     __HAL_RCC_GPIOA_CLK_ENABLE();
 117:Src/stm32l4xx_hal_msp.c ****     /**I2C1 GPIO Configuration    
 118:Src/stm32l4xx_hal_msp.c ****     PA9     ------> I2C1_SCL
 119:Src/stm32l4xx_hal_msp.c ****     PA10     ------> I2C1_SDA 
 120:Src/stm32l4xx_hal_msp.c ****     */
 121:Src/stm32l4xx_hal_msp.c ****     GPIO_InitStruct.Pin = sensor_clock_Pin|sensor_data_Pin;
 122:Src/stm32l4xx_hal_msp.c ****     GPIO_InitStruct.Mode = GPIO_MODE_AF_OD;
 123:Src/stm32l4xx_hal_msp.c ****     GPIO_InitStruct.Pull = GPIO_PULLUP;
 124:Src/stm32l4xx_hal_msp.c ****     GPIO_InitStruct.Speed = GPIO_SPEED_FREQ_VERY_HIGH;
 125:Src/stm32l4xx_hal_msp.c ****     GPIO_InitStruct.Alternate = GPIO_AF4_I2C1;
ARM GAS  C:\Users\bhimebau\AppData\Local\Temp\cceIdo6z.s 			page 5


 126:Src/stm32l4xx_hal_msp.c ****     HAL_GPIO_Init(GPIOA, &GPIO_InitStruct);
 127:Src/stm32l4xx_hal_msp.c **** 
 128:Src/stm32l4xx_hal_msp.c ****     /* Peripheral clock enable */
 129:Src/stm32l4xx_hal_msp.c ****     __HAL_RCC_I2C1_CLK_ENABLE();
 130:Src/stm32l4xx_hal_msp.c ****   /* USER CODE BEGIN I2C1_MspInit 1 */
 131:Src/stm32l4xx_hal_msp.c **** 
 132:Src/stm32l4xx_hal_msp.c ****   /* USER CODE END I2C1_MspInit 1 */
 133:Src/stm32l4xx_hal_msp.c ****   }
 134:Src/stm32l4xx_hal_msp.c **** 
 135:Src/stm32l4xx_hal_msp.c **** }
 107              		.loc 1 135 0
 108 0018 08B0     		add	sp, sp, #32
 109              	.LCFI4:
 110              		.cfi_remember_state
 111              		.cfi_def_cfa_offset 8
 112              		@ sp needed
 113 001a 10BD     		pop	{r4, pc}
 114              	.LVL2:
 115              	.L8:
 116              	.LCFI5:
 117              		.cfi_restore_state
 118              	.LBB4:
 116:Src/stm32l4xx_hal_msp.c ****     /**I2C1 GPIO Configuration    
 119              		.loc 1 116 0
 120 001c 124C     		ldr	r4, .L9+4
 121 001e E36C     		ldr	r3, [r4, #76]
 122 0020 43F00103 		orr	r3, r3, #1
 123 0024 E364     		str	r3, [r4, #76]
 124 0026 E36C     		ldr	r3, [r4, #76]
 125 0028 03F00103 		and	r3, r3, #1
 126 002c 0193     		str	r3, [sp, #4]
 127 002e 019B     		ldr	r3, [sp, #4]
 128              	.LBE4:
 121:Src/stm32l4xx_hal_msp.c ****     GPIO_InitStruct.Mode = GPIO_MODE_AF_OD;
 129              		.loc 1 121 0
 130 0030 4FF4C063 		mov	r3, #1536
 131 0034 0393     		str	r3, [sp, #12]
 122:Src/stm32l4xx_hal_msp.c ****     GPIO_InitStruct.Pull = GPIO_PULLUP;
 132              		.loc 1 122 0
 133 0036 1223     		movs	r3, #18
 134 0038 0493     		str	r3, [sp, #16]
 123:Src/stm32l4xx_hal_msp.c ****     GPIO_InitStruct.Speed = GPIO_SPEED_FREQ_VERY_HIGH;
 135              		.loc 1 123 0
 136 003a 0123     		movs	r3, #1
 137 003c 0593     		str	r3, [sp, #20]
 124:Src/stm32l4xx_hal_msp.c ****     GPIO_InitStruct.Alternate = GPIO_AF4_I2C1;
 138              		.loc 1 124 0
 139 003e 0323     		movs	r3, #3
 140 0040 0693     		str	r3, [sp, #24]
 125:Src/stm32l4xx_hal_msp.c ****     HAL_GPIO_Init(GPIOA, &GPIO_InitStruct);
 141              		.loc 1 125 0
 142 0042 0423     		movs	r3, #4
 143 0044 0793     		str	r3, [sp, #28]
 126:Src/stm32l4xx_hal_msp.c **** 
 144              		.loc 1 126 0
 145 0046 03A9     		add	r1, sp, #12
 146 0048 4FF09040 		mov	r0, #1207959552
ARM GAS  C:\Users\bhimebau\AppData\Local\Temp\cceIdo6z.s 			page 6


 147              	.LVL3:
 148 004c FFF7FEFF 		bl	HAL_GPIO_Init
 149              	.LVL4:
 150              	.LBB5:
 129:Src/stm32l4xx_hal_msp.c ****   /* USER CODE BEGIN I2C1_MspInit 1 */
 151              		.loc 1 129 0
 152 0050 A36D     		ldr	r3, [r4, #88]
 153 0052 43F40013 		orr	r3, r3, #2097152
 154 0056 A365     		str	r3, [r4, #88]
 155 0058 A36D     		ldr	r3, [r4, #88]
 156 005a 03F40013 		and	r3, r3, #2097152
 157 005e 0293     		str	r3, [sp, #8]
 158 0060 029B     		ldr	r3, [sp, #8]
 159              	.LBE5:
 160              		.loc 1 135 0
 161 0062 D9E7     		b	.L5
 162              	.L10:
 163              		.align	2
 164              	.L9:
 165 0064 00540040 		.word	1073763328
 166 0068 00100240 		.word	1073876992
 167              		.cfi_endproc
 168              	.LFE124:
 170              		.section	.text.HAL_I2C_MspInit,"ax",%progbits
 171              		.align	1
 172              		.global	HAL_I2C_MspInit
 173              		.syntax unified
 174              		.thumb
 175              		.thumb_func
 176              		.fpu fpv4-sp-d16
 178              	HAL_I2C_MspInit:
 179              	.LFB125:
 136:Src/stm32l4xx_hal_msp.c **** 
 137:Src/stm32l4xx_hal_msp.c **** /**
 138:Src/stm32l4xx_hal_msp.c **** * @brief I2C MSP Initialization
 139:Src/stm32l4xx_hal_msp.c **** * This function configures the hardware resources used in this example
 140:Src/stm32l4xx_hal_msp.c **** * @param hi2c: I2C handle pointer
 141:Src/stm32l4xx_hal_msp.c **** * @retval None
 142:Src/stm32l4xx_hal_msp.c **** */
 143:Src/stm32l4xx_hal_msp.c **** void HAL_I2C_MspInit(I2C_HandleTypeDef* hi2c)
 144:Src/stm32l4xx_hal_msp.c **** {
 180              		.loc 1 144 0
 181              		.cfi_startproc
 182              		@ args = 0, pretend = 0, frame = 32
 183              		@ frame_needed = 0, uses_anonymous_args = 0
 184              	.LVL5:
 185 0000 2DE9F041 		push	{r4, r5, r6, r7, r8, lr}
 186              	.LCFI6:
 187              		.cfi_def_cfa_offset 24
 188              		.cfi_offset 4, -24
 189              		.cfi_offset 5, -20
 190              		.cfi_offset 6, -16
 191              		.cfi_offset 7, -12
 192              		.cfi_offset 8, -8
 193              		.cfi_offset 14, -4
 194 0004 88B0     		sub	sp, sp, #32
 195              	.LCFI7:
ARM GAS  C:\Users\bhimebau\AppData\Local\Temp\cceIdo6z.s 			page 7


 196              		.cfi_def_cfa_offset 56
 145:Src/stm32l4xx_hal_msp.c **** 
 146:Src/stm32l4xx_hal_msp.c ****   GPIO_InitTypeDef GPIO_InitStruct = {0};
 197              		.loc 1 146 0
 198 0006 0023     		movs	r3, #0
 199 0008 0393     		str	r3, [sp, #12]
 200 000a 0493     		str	r3, [sp, #16]
 201 000c 0593     		str	r3, [sp, #20]
 202 000e 0693     		str	r3, [sp, #24]
 203 0010 0793     		str	r3, [sp, #28]
 147:Src/stm32l4xx_hal_msp.c ****   if(hi2c->Instance==I2C3)
 204              		.loc 1 147 0
 205 0012 0268     		ldr	r2, [r0]
 206 0014 1F4B     		ldr	r3, .L15
 207 0016 9A42     		cmp	r2, r3
 208 0018 02D0     		beq	.L14
 209              	.LVL6:
 210              	.L11:
 148:Src/stm32l4xx_hal_msp.c ****   {
 149:Src/stm32l4xx_hal_msp.c ****   /* USER CODE BEGIN I2C3_MspInit 0 */
 150:Src/stm32l4xx_hal_msp.c **** 
 151:Src/stm32l4xx_hal_msp.c ****   /* USER CODE END I2C3_MspInit 0 */
 152:Src/stm32l4xx_hal_msp.c ****   
 153:Src/stm32l4xx_hal_msp.c ****     __HAL_RCC_GPIOA_CLK_ENABLE();
 154:Src/stm32l4xx_hal_msp.c ****     __HAL_RCC_GPIOB_CLK_ENABLE();
 155:Src/stm32l4xx_hal_msp.c ****     /**I2C3 GPIO Configuration    
 156:Src/stm32l4xx_hal_msp.c ****     PA7     ------> I2C3_SCL
 157:Src/stm32l4xx_hal_msp.c ****     PB4 (NJTRST)     ------> I2C3_SDA 
 158:Src/stm32l4xx_hal_msp.c ****     */
 159:Src/stm32l4xx_hal_msp.c ****     GPIO_InitStruct.Pin = rtc_clock_Pin;
 160:Src/stm32l4xx_hal_msp.c ****     GPIO_InitStruct.Mode = GPIO_MODE_AF_OD;
 161:Src/stm32l4xx_hal_msp.c ****     GPIO_InitStruct.Pull = GPIO_PULLUP;
 162:Src/stm32l4xx_hal_msp.c ****     GPIO_InitStruct.Speed = GPIO_SPEED_FREQ_VERY_HIGH;
 163:Src/stm32l4xx_hal_msp.c ****     GPIO_InitStruct.Alternate = GPIO_AF4_I2C3;
 164:Src/stm32l4xx_hal_msp.c ****     HAL_GPIO_Init(rtc_clock_GPIO_Port, &GPIO_InitStruct);
 165:Src/stm32l4xx_hal_msp.c **** 
 166:Src/stm32l4xx_hal_msp.c ****     GPIO_InitStruct.Pin = rtc_data_Pin;
 167:Src/stm32l4xx_hal_msp.c ****     GPIO_InitStruct.Mode = GPIO_MODE_AF_OD;
 168:Src/stm32l4xx_hal_msp.c ****     GPIO_InitStruct.Pull = GPIO_PULLUP;
 169:Src/stm32l4xx_hal_msp.c ****     GPIO_InitStruct.Speed = GPIO_SPEED_FREQ_VERY_HIGH;
 170:Src/stm32l4xx_hal_msp.c ****     GPIO_InitStruct.Alternate = GPIO_AF4_I2C3;
 171:Src/stm32l4xx_hal_msp.c ****     HAL_GPIO_Init(rtc_data_GPIO_Port, &GPIO_InitStruct);
 172:Src/stm32l4xx_hal_msp.c **** 
 173:Src/stm32l4xx_hal_msp.c ****     /* Peripheral clock enable */
 174:Src/stm32l4xx_hal_msp.c ****     __HAL_RCC_I2C3_CLK_ENABLE();
 175:Src/stm32l4xx_hal_msp.c ****   /* USER CODE BEGIN I2C3_MspInit 1 */
 176:Src/stm32l4xx_hal_msp.c **** 
 177:Src/stm32l4xx_hal_msp.c ****   /* USER CODE END I2C3_MspInit 1 */
 178:Src/stm32l4xx_hal_msp.c ****   }
 179:Src/stm32l4xx_hal_msp.c **** 
 180:Src/stm32l4xx_hal_msp.c **** }
 211              		.loc 1 180 0
 212 001a 08B0     		add	sp, sp, #32
 213              	.LCFI8:
 214              		.cfi_remember_state
 215              		.cfi_def_cfa_offset 24
 216              		@ sp needed
ARM GAS  C:\Users\bhimebau\AppData\Local\Temp\cceIdo6z.s 			page 8


 217 001c BDE8F081 		pop	{r4, r5, r6, r7, r8, pc}
 218              	.LVL7:
 219              	.L14:
 220              	.LCFI9:
 221              		.cfi_restore_state
 222              	.LBB6:
 153:Src/stm32l4xx_hal_msp.c ****     __HAL_RCC_GPIOB_CLK_ENABLE();
 223              		.loc 1 153 0
 224 0020 1D4C     		ldr	r4, .L15+4
 225 0022 E36C     		ldr	r3, [r4, #76]
 226 0024 43F00103 		orr	r3, r3, #1
 227 0028 E364     		str	r3, [r4, #76]
 228 002a E36C     		ldr	r3, [r4, #76]
 229 002c 03F00103 		and	r3, r3, #1
 230 0030 0093     		str	r3, [sp]
 231 0032 009B     		ldr	r3, [sp]
 232              	.LBE6:
 233              	.LBB7:
 154:Src/stm32l4xx_hal_msp.c ****     /**I2C3 GPIO Configuration    
 234              		.loc 1 154 0
 235 0034 E36C     		ldr	r3, [r4, #76]
 236 0036 43F00203 		orr	r3, r3, #2
 237 003a E364     		str	r3, [r4, #76]
 238 003c E36C     		ldr	r3, [r4, #76]
 239 003e 03F00203 		and	r3, r3, #2
 240 0042 0193     		str	r3, [sp, #4]
 241 0044 019B     		ldr	r3, [sp, #4]
 242              	.LBE7:
 159:Src/stm32l4xx_hal_msp.c ****     GPIO_InitStruct.Mode = GPIO_MODE_AF_OD;
 243              		.loc 1 159 0
 244 0046 8023     		movs	r3, #128
 245 0048 0393     		str	r3, [sp, #12]
 160:Src/stm32l4xx_hal_msp.c ****     GPIO_InitStruct.Pull = GPIO_PULLUP;
 246              		.loc 1 160 0
 247 004a 4FF01208 		mov	r8, #18
 248 004e CDF81080 		str	r8, [sp, #16]
 161:Src/stm32l4xx_hal_msp.c ****     GPIO_InitStruct.Speed = GPIO_SPEED_FREQ_VERY_HIGH;
 249              		.loc 1 161 0
 250 0052 0127     		movs	r7, #1
 251 0054 0597     		str	r7, [sp, #20]
 162:Src/stm32l4xx_hal_msp.c ****     GPIO_InitStruct.Alternate = GPIO_AF4_I2C3;
 252              		.loc 1 162 0
 253 0056 0326     		movs	r6, #3
 254 0058 0696     		str	r6, [sp, #24]
 163:Src/stm32l4xx_hal_msp.c ****     HAL_GPIO_Init(rtc_clock_GPIO_Port, &GPIO_InitStruct);
 255              		.loc 1 163 0
 256 005a 0425     		movs	r5, #4
 257 005c 0795     		str	r5, [sp, #28]
 164:Src/stm32l4xx_hal_msp.c **** 
 258              		.loc 1 164 0
 259 005e 03A9     		add	r1, sp, #12
 260 0060 4FF09040 		mov	r0, #1207959552
 261              	.LVL8:
 262 0064 FFF7FEFF 		bl	HAL_GPIO_Init
 263              	.LVL9:
 166:Src/stm32l4xx_hal_msp.c ****     GPIO_InitStruct.Mode = GPIO_MODE_AF_OD;
 264              		.loc 1 166 0
ARM GAS  C:\Users\bhimebau\AppData\Local\Temp\cceIdo6z.s 			page 9


 265 0068 1023     		movs	r3, #16
 266 006a 0393     		str	r3, [sp, #12]
 167:Src/stm32l4xx_hal_msp.c ****     GPIO_InitStruct.Pull = GPIO_PULLUP;
 267              		.loc 1 167 0
 268 006c CDF81080 		str	r8, [sp, #16]
 168:Src/stm32l4xx_hal_msp.c ****     GPIO_InitStruct.Speed = GPIO_SPEED_FREQ_VERY_HIGH;
 269              		.loc 1 168 0
 270 0070 0597     		str	r7, [sp, #20]
 169:Src/stm32l4xx_hal_msp.c ****     GPIO_InitStruct.Alternate = GPIO_AF4_I2C3;
 271              		.loc 1 169 0
 272 0072 0696     		str	r6, [sp, #24]
 170:Src/stm32l4xx_hal_msp.c ****     HAL_GPIO_Init(rtc_data_GPIO_Port, &GPIO_InitStruct);
 273              		.loc 1 170 0
 274 0074 0795     		str	r5, [sp, #28]
 171:Src/stm32l4xx_hal_msp.c **** 
 275              		.loc 1 171 0
 276 0076 03A9     		add	r1, sp, #12
 277 0078 0848     		ldr	r0, .L15+8
 278 007a FFF7FEFF 		bl	HAL_GPIO_Init
 279              	.LVL10:
 280              	.LBB8:
 174:Src/stm32l4xx_hal_msp.c ****   /* USER CODE BEGIN I2C3_MspInit 1 */
 281              		.loc 1 174 0
 282 007e A36D     		ldr	r3, [r4, #88]
 283 0080 43F40003 		orr	r3, r3, #8388608
 284 0084 A365     		str	r3, [r4, #88]
 285 0086 A36D     		ldr	r3, [r4, #88]
 286 0088 03F40003 		and	r3, r3, #8388608
 287 008c 0293     		str	r3, [sp, #8]
 288 008e 029B     		ldr	r3, [sp, #8]
 289              	.LBE8:
 290              		.loc 1 180 0
 291 0090 C3E7     		b	.L11
 292              	.L16:
 293 0092 00BF     		.align	2
 294              	.L15:
 295 0094 005C0040 		.word	1073765376
 296 0098 00100240 		.word	1073876992
 297 009c 00040048 		.word	1207960576
 298              		.cfi_endproc
 299              	.LFE125:
 301              		.section	.text.HAL_SMBUS_MspDeInit,"ax",%progbits
 302              		.align	1
 303              		.global	HAL_SMBUS_MspDeInit
 304              		.syntax unified
 305              		.thumb
 306              		.thumb_func
 307              		.fpu fpv4-sp-d16
 309              	HAL_SMBUS_MspDeInit:
 310              	.LFB126:
 181:Src/stm32l4xx_hal_msp.c **** 
 182:Src/stm32l4xx_hal_msp.c **** /**
 183:Src/stm32l4xx_hal_msp.c **** * @brief SMBUS MSP De-Initialization
 184:Src/stm32l4xx_hal_msp.c **** * This function freeze the hardware resources used in this example
 185:Src/stm32l4xx_hal_msp.c **** * @param hsmbus: SMBUS handle pointer
 186:Src/stm32l4xx_hal_msp.c **** * @retval None
 187:Src/stm32l4xx_hal_msp.c **** */
ARM GAS  C:\Users\bhimebau\AppData\Local\Temp\cceIdo6z.s 			page 10


 188:Src/stm32l4xx_hal_msp.c **** 
 189:Src/stm32l4xx_hal_msp.c **** void HAL_SMBUS_MspDeInit(SMBUS_HandleTypeDef* hsmbus)
 190:Src/stm32l4xx_hal_msp.c **** {
 311              		.loc 1 190 0
 312              		.cfi_startproc
 313              		@ args = 0, pretend = 0, frame = 0
 314              		@ frame_needed = 0, uses_anonymous_args = 0
 315              	.LVL11:
 316 0000 08B5     		push	{r3, lr}
 317              	.LCFI10:
 318              		.cfi_def_cfa_offset 8
 319              		.cfi_offset 3, -8
 320              		.cfi_offset 14, -4
 191:Src/stm32l4xx_hal_msp.c **** 
 192:Src/stm32l4xx_hal_msp.c ****   if(hsmbus->Instance==I2C1)
 321              		.loc 1 192 0
 322 0002 0268     		ldr	r2, [r0]
 323 0004 074B     		ldr	r3, .L21
 324 0006 9A42     		cmp	r2, r3
 325 0008 00D0     		beq	.L20
 326              	.LVL12:
 327              	.L17:
 193:Src/stm32l4xx_hal_msp.c ****   {
 194:Src/stm32l4xx_hal_msp.c ****   /* USER CODE BEGIN I2C1_MspDeInit 0 */
 195:Src/stm32l4xx_hal_msp.c **** 
 196:Src/stm32l4xx_hal_msp.c ****   /* USER CODE END I2C1_MspDeInit 0 */
 197:Src/stm32l4xx_hal_msp.c ****     /* Peripheral clock disable */
 198:Src/stm32l4xx_hal_msp.c ****     __HAL_RCC_I2C1_CLK_DISABLE();
 199:Src/stm32l4xx_hal_msp.c ****   
 200:Src/stm32l4xx_hal_msp.c ****     /**I2C1 GPIO Configuration    
 201:Src/stm32l4xx_hal_msp.c ****     PA9     ------> I2C1_SCL
 202:Src/stm32l4xx_hal_msp.c ****     PA10     ------> I2C1_SDA 
 203:Src/stm32l4xx_hal_msp.c ****     */
 204:Src/stm32l4xx_hal_msp.c ****     HAL_GPIO_DeInit(GPIOA, sensor_clock_Pin|sensor_data_Pin);
 205:Src/stm32l4xx_hal_msp.c **** 
 206:Src/stm32l4xx_hal_msp.c ****   /* USER CODE BEGIN I2C1_MspDeInit 1 */
 207:Src/stm32l4xx_hal_msp.c **** 
 208:Src/stm32l4xx_hal_msp.c ****   /* USER CODE END I2C1_MspDeInit 1 */
 209:Src/stm32l4xx_hal_msp.c ****   }
 210:Src/stm32l4xx_hal_msp.c **** 
 211:Src/stm32l4xx_hal_msp.c **** }
 328              		.loc 1 211 0
 329 000a 08BD     		pop	{r3, pc}
 330              	.LVL13:
 331              	.L20:
 198:Src/stm32l4xx_hal_msp.c ****   
 332              		.loc 1 198 0
 333 000c 064A     		ldr	r2, .L21+4
 334 000e 936D     		ldr	r3, [r2, #88]
 335 0010 23F40013 		bic	r3, r3, #2097152
 336 0014 9365     		str	r3, [r2, #88]
 204:Src/stm32l4xx_hal_msp.c **** 
 337              		.loc 1 204 0
 338 0016 4FF4C061 		mov	r1, #1536
 339 001a 4FF09040 		mov	r0, #1207959552
 340              	.LVL14:
 341 001e FFF7FEFF 		bl	HAL_GPIO_DeInit
ARM GAS  C:\Users\bhimebau\AppData\Local\Temp\cceIdo6z.s 			page 11


 342              	.LVL15:
 343              		.loc 1 211 0
 344 0022 F2E7     		b	.L17
 345              	.L22:
 346              		.align	2
 347              	.L21:
 348 0024 00540040 		.word	1073763328
 349 0028 00100240 		.word	1073876992
 350              		.cfi_endproc
 351              	.LFE126:
 353              		.section	.text.HAL_I2C_MspDeInit,"ax",%progbits
 354              		.align	1
 355              		.global	HAL_I2C_MspDeInit
 356              		.syntax unified
 357              		.thumb
 358              		.thumb_func
 359              		.fpu fpv4-sp-d16
 361              	HAL_I2C_MspDeInit:
 362              	.LFB127:
 212:Src/stm32l4xx_hal_msp.c **** 
 213:Src/stm32l4xx_hal_msp.c **** /**
 214:Src/stm32l4xx_hal_msp.c **** * @brief I2C MSP De-Initialization
 215:Src/stm32l4xx_hal_msp.c **** * This function freeze the hardware resources used in this example
 216:Src/stm32l4xx_hal_msp.c **** * @param hi2c: I2C handle pointer
 217:Src/stm32l4xx_hal_msp.c **** * @retval None
 218:Src/stm32l4xx_hal_msp.c **** */
 219:Src/stm32l4xx_hal_msp.c **** 
 220:Src/stm32l4xx_hal_msp.c **** void HAL_I2C_MspDeInit(I2C_HandleTypeDef* hi2c)
 221:Src/stm32l4xx_hal_msp.c **** {
 363              		.loc 1 221 0
 364              		.cfi_startproc
 365              		@ args = 0, pretend = 0, frame = 0
 366              		@ frame_needed = 0, uses_anonymous_args = 0
 367              	.LVL16:
 368 0000 08B5     		push	{r3, lr}
 369              	.LCFI11:
 370              		.cfi_def_cfa_offset 8
 371              		.cfi_offset 3, -8
 372              		.cfi_offset 14, -4
 222:Src/stm32l4xx_hal_msp.c **** 
 223:Src/stm32l4xx_hal_msp.c ****   if(hi2c->Instance==I2C3)
 373              		.loc 1 223 0
 374 0002 0268     		ldr	r2, [r0]
 375 0004 094B     		ldr	r3, .L27
 376 0006 9A42     		cmp	r2, r3
 377 0008 00D0     		beq	.L26
 378              	.LVL17:
 379              	.L23:
 224:Src/stm32l4xx_hal_msp.c ****   {
 225:Src/stm32l4xx_hal_msp.c ****   /* USER CODE BEGIN I2C3_MspDeInit 0 */
 226:Src/stm32l4xx_hal_msp.c **** 
 227:Src/stm32l4xx_hal_msp.c ****   /* USER CODE END I2C3_MspDeInit 0 */
 228:Src/stm32l4xx_hal_msp.c ****     /* Peripheral clock disable */
 229:Src/stm32l4xx_hal_msp.c ****     __HAL_RCC_I2C3_CLK_DISABLE();
 230:Src/stm32l4xx_hal_msp.c ****   
 231:Src/stm32l4xx_hal_msp.c ****     /**I2C3 GPIO Configuration    
 232:Src/stm32l4xx_hal_msp.c ****     PA7     ------> I2C3_SCL
ARM GAS  C:\Users\bhimebau\AppData\Local\Temp\cceIdo6z.s 			page 12


 233:Src/stm32l4xx_hal_msp.c ****     PB4 (NJTRST)     ------> I2C3_SDA 
 234:Src/stm32l4xx_hal_msp.c ****     */
 235:Src/stm32l4xx_hal_msp.c ****     HAL_GPIO_DeInit(rtc_clock_GPIO_Port, rtc_clock_Pin);
 236:Src/stm32l4xx_hal_msp.c **** 
 237:Src/stm32l4xx_hal_msp.c ****     HAL_GPIO_DeInit(rtc_data_GPIO_Port, rtc_data_Pin);
 238:Src/stm32l4xx_hal_msp.c **** 
 239:Src/stm32l4xx_hal_msp.c ****   /* USER CODE BEGIN I2C3_MspDeInit 1 */
 240:Src/stm32l4xx_hal_msp.c **** 
 241:Src/stm32l4xx_hal_msp.c ****   /* USER CODE END I2C3_MspDeInit 1 */
 242:Src/stm32l4xx_hal_msp.c ****   }
 243:Src/stm32l4xx_hal_msp.c **** 
 244:Src/stm32l4xx_hal_msp.c **** }
 380              		.loc 1 244 0
 381 000a 08BD     		pop	{r3, pc}
 382              	.LVL18:
 383              	.L26:
 229:Src/stm32l4xx_hal_msp.c ****   
 384              		.loc 1 229 0
 385 000c 084A     		ldr	r2, .L27+4
 386 000e 936D     		ldr	r3, [r2, #88]
 387 0010 23F40003 		bic	r3, r3, #8388608
 388 0014 9365     		str	r3, [r2, #88]
 235:Src/stm32l4xx_hal_msp.c **** 
 389              		.loc 1 235 0
 390 0016 8021     		movs	r1, #128
 391 0018 4FF09040 		mov	r0, #1207959552
 392              	.LVL19:
 393 001c FFF7FEFF 		bl	HAL_GPIO_DeInit
 394              	.LVL20:
 237:Src/stm32l4xx_hal_msp.c **** 
 395              		.loc 1 237 0
 396 0020 1021     		movs	r1, #16
 397 0022 0448     		ldr	r0, .L27+8
 398 0024 FFF7FEFF 		bl	HAL_GPIO_DeInit
 399              	.LVL21:
 400              		.loc 1 244 0
 401 0028 EFE7     		b	.L23
 402              	.L28:
 403 002a 00BF     		.align	2
 404              	.L27:
 405 002c 005C0040 		.word	1073765376
 406 0030 00100240 		.word	1073876992
 407 0034 00040048 		.word	1207960576
 408              		.cfi_endproc
 409              	.LFE127:
 411              		.section	.text.HAL_UART_MspInit,"ax",%progbits
 412              		.align	1
 413              		.global	HAL_UART_MspInit
 414              		.syntax unified
 415              		.thumb
 416              		.thumb_func
 417              		.fpu fpv4-sp-d16
 419              	HAL_UART_MspInit:
 420              	.LFB128:
 245:Src/stm32l4xx_hal_msp.c **** 
 246:Src/stm32l4xx_hal_msp.c **** /**
 247:Src/stm32l4xx_hal_msp.c **** * @brief UART MSP Initialization
ARM GAS  C:\Users\bhimebau\AppData\Local\Temp\cceIdo6z.s 			page 13


 248:Src/stm32l4xx_hal_msp.c **** * This function configures the hardware resources used in this example
 249:Src/stm32l4xx_hal_msp.c **** * @param huart: UART handle pointer
 250:Src/stm32l4xx_hal_msp.c **** * @retval None
 251:Src/stm32l4xx_hal_msp.c **** */
 252:Src/stm32l4xx_hal_msp.c **** void HAL_UART_MspInit(UART_HandleTypeDef* huart)
 253:Src/stm32l4xx_hal_msp.c **** {
 421              		.loc 1 253 0
 422              		.cfi_startproc
 423              		@ args = 0, pretend = 0, frame = 32
 424              		@ frame_needed = 0, uses_anonymous_args = 0
 425              	.LVL22:
 426 0000 00B5     		push	{lr}
 427              	.LCFI12:
 428              		.cfi_def_cfa_offset 4
 429              		.cfi_offset 14, -4
 430 0002 89B0     		sub	sp, sp, #36
 431              	.LCFI13:
 432              		.cfi_def_cfa_offset 40
 254:Src/stm32l4xx_hal_msp.c **** 
 255:Src/stm32l4xx_hal_msp.c ****   GPIO_InitTypeDef GPIO_InitStruct = {0};
 433              		.loc 1 255 0
 434 0004 0023     		movs	r3, #0
 435 0006 0393     		str	r3, [sp, #12]
 436 0008 0493     		str	r3, [sp, #16]
 437 000a 0593     		str	r3, [sp, #20]
 438 000c 0693     		str	r3, [sp, #24]
 439 000e 0793     		str	r3, [sp, #28]
 256:Src/stm32l4xx_hal_msp.c ****   if(huart->Instance==LPUART1)
 440              		.loc 1 256 0
 441 0010 0268     		ldr	r2, [r0]
 442 0012 144B     		ldr	r3, .L33
 443 0014 9A42     		cmp	r2, r3
 444 0016 02D0     		beq	.L32
 445              	.LVL23:
 446              	.L29:
 257:Src/stm32l4xx_hal_msp.c ****   {
 258:Src/stm32l4xx_hal_msp.c ****   /* USER CODE BEGIN LPUART1_MspInit 0 */
 259:Src/stm32l4xx_hal_msp.c **** 
 260:Src/stm32l4xx_hal_msp.c ****   /* USER CODE END LPUART1_MspInit 0 */
 261:Src/stm32l4xx_hal_msp.c ****     /* Peripheral clock enable */
 262:Src/stm32l4xx_hal_msp.c ****     __HAL_RCC_LPUART1_CLK_ENABLE();
 263:Src/stm32l4xx_hal_msp.c ****   
 264:Src/stm32l4xx_hal_msp.c ****     __HAL_RCC_GPIOA_CLK_ENABLE();
 265:Src/stm32l4xx_hal_msp.c ****     /**LPUART1 GPIO Configuration    
 266:Src/stm32l4xx_hal_msp.c ****     PA2     ------> LPUART1_TX
 267:Src/stm32l4xx_hal_msp.c ****     PA3     ------> LPUART1_RX 
 268:Src/stm32l4xx_hal_msp.c ****     */
 269:Src/stm32l4xx_hal_msp.c ****     GPIO_InitStruct.Pin = GPIO_PIN_2|GPIO_PIN_3;
 270:Src/stm32l4xx_hal_msp.c ****     GPIO_InitStruct.Mode = GPIO_MODE_AF_PP;
 271:Src/stm32l4xx_hal_msp.c ****     GPIO_InitStruct.Pull = GPIO_NOPULL;
 272:Src/stm32l4xx_hal_msp.c ****     GPIO_InitStruct.Speed = GPIO_SPEED_FREQ_VERY_HIGH;
 273:Src/stm32l4xx_hal_msp.c ****     GPIO_InitStruct.Alternate = GPIO_AF8_LPUART1;
 274:Src/stm32l4xx_hal_msp.c ****     HAL_GPIO_Init(GPIOA, &GPIO_InitStruct);
 275:Src/stm32l4xx_hal_msp.c **** 
 276:Src/stm32l4xx_hal_msp.c ****   /* USER CODE BEGIN LPUART1_MspInit 1 */
 277:Src/stm32l4xx_hal_msp.c **** 
 278:Src/stm32l4xx_hal_msp.c ****   /* USER CODE END LPUART1_MspInit 1 */
ARM GAS  C:\Users\bhimebau\AppData\Local\Temp\cceIdo6z.s 			page 14


 279:Src/stm32l4xx_hal_msp.c ****   }
 280:Src/stm32l4xx_hal_msp.c **** 
 281:Src/stm32l4xx_hal_msp.c **** }
 447              		.loc 1 281 0
 448 0018 09B0     		add	sp, sp, #36
 449              	.LCFI14:
 450              		.cfi_remember_state
 451              		.cfi_def_cfa_offset 4
 452              		@ sp needed
 453 001a 5DF804FB 		ldr	pc, [sp], #4
 454              	.LVL24:
 455              	.L32:
 456              	.LCFI15:
 457              		.cfi_restore_state
 458              	.LBB9:
 262:Src/stm32l4xx_hal_msp.c ****   
 459              		.loc 1 262 0
 460 001e 03F5C833 		add	r3, r3, #102400
 461 0022 DA6D     		ldr	r2, [r3, #92]
 462 0024 42F00102 		orr	r2, r2, #1
 463 0028 DA65     		str	r2, [r3, #92]
 464 002a DA6D     		ldr	r2, [r3, #92]
 465 002c 02F00102 		and	r2, r2, #1
 466 0030 0192     		str	r2, [sp, #4]
 467 0032 019A     		ldr	r2, [sp, #4]
 468              	.LBE9:
 469              	.LBB10:
 264:Src/stm32l4xx_hal_msp.c ****     /**LPUART1 GPIO Configuration    
 470              		.loc 1 264 0
 471 0034 DA6C     		ldr	r2, [r3, #76]
 472 0036 42F00102 		orr	r2, r2, #1
 473 003a DA64     		str	r2, [r3, #76]
 474 003c DB6C     		ldr	r3, [r3, #76]
 475 003e 03F00103 		and	r3, r3, #1
 476 0042 0293     		str	r3, [sp, #8]
 477 0044 029B     		ldr	r3, [sp, #8]
 478              	.LBE10:
 269:Src/stm32l4xx_hal_msp.c ****     GPIO_InitStruct.Mode = GPIO_MODE_AF_PP;
 479              		.loc 1 269 0
 480 0046 0C23     		movs	r3, #12
 481 0048 0393     		str	r3, [sp, #12]
 270:Src/stm32l4xx_hal_msp.c ****     GPIO_InitStruct.Pull = GPIO_NOPULL;
 482              		.loc 1 270 0
 483 004a 0223     		movs	r3, #2
 484 004c 0493     		str	r3, [sp, #16]
 272:Src/stm32l4xx_hal_msp.c ****     GPIO_InitStruct.Alternate = GPIO_AF8_LPUART1;
 485              		.loc 1 272 0
 486 004e 0323     		movs	r3, #3
 487 0050 0693     		str	r3, [sp, #24]
 273:Src/stm32l4xx_hal_msp.c ****     HAL_GPIO_Init(GPIOA, &GPIO_InitStruct);
 488              		.loc 1 273 0
 489 0052 0823     		movs	r3, #8
 490 0054 0793     		str	r3, [sp, #28]
 274:Src/stm32l4xx_hal_msp.c **** 
 491              		.loc 1 274 0
 492 0056 03A9     		add	r1, sp, #12
 493 0058 4FF09040 		mov	r0, #1207959552
ARM GAS  C:\Users\bhimebau\AppData\Local\Temp\cceIdo6z.s 			page 15


 494              	.LVL25:
 495 005c FFF7FEFF 		bl	HAL_GPIO_Init
 496              	.LVL26:
 497              		.loc 1 281 0
 498 0060 DAE7     		b	.L29
 499              	.L34:
 500 0062 00BF     		.align	2
 501              	.L33:
 502 0064 00800040 		.word	1073774592
 503              		.cfi_endproc
 504              	.LFE128:
 506              		.section	.text.HAL_UART_MspDeInit,"ax",%progbits
 507              		.align	1
 508              		.global	HAL_UART_MspDeInit
 509              		.syntax unified
 510              		.thumb
 511              		.thumb_func
 512              		.fpu fpv4-sp-d16
 514              	HAL_UART_MspDeInit:
 515              	.LFB129:
 282:Src/stm32l4xx_hal_msp.c **** 
 283:Src/stm32l4xx_hal_msp.c **** /**
 284:Src/stm32l4xx_hal_msp.c **** * @brief UART MSP De-Initialization
 285:Src/stm32l4xx_hal_msp.c **** * This function freeze the hardware resources used in this example
 286:Src/stm32l4xx_hal_msp.c **** * @param huart: UART handle pointer
 287:Src/stm32l4xx_hal_msp.c **** * @retval None
 288:Src/stm32l4xx_hal_msp.c **** */
 289:Src/stm32l4xx_hal_msp.c **** 
 290:Src/stm32l4xx_hal_msp.c **** void HAL_UART_MspDeInit(UART_HandleTypeDef* huart)
 291:Src/stm32l4xx_hal_msp.c **** {
 516              		.loc 1 291 0
 517              		.cfi_startproc
 518              		@ args = 0, pretend = 0, frame = 0
 519              		@ frame_needed = 0, uses_anonymous_args = 0
 520              	.LVL27:
 521 0000 08B5     		push	{r3, lr}
 522              	.LCFI16:
 523              		.cfi_def_cfa_offset 8
 524              		.cfi_offset 3, -8
 525              		.cfi_offset 14, -4
 292:Src/stm32l4xx_hal_msp.c **** 
 293:Src/stm32l4xx_hal_msp.c ****   if(huart->Instance==LPUART1)
 526              		.loc 1 293 0
 527 0002 0268     		ldr	r2, [r0]
 528 0004 074B     		ldr	r3, .L39
 529 0006 9A42     		cmp	r2, r3
 530 0008 00D0     		beq	.L38
 531              	.LVL28:
 532              	.L35:
 294:Src/stm32l4xx_hal_msp.c ****   {
 295:Src/stm32l4xx_hal_msp.c ****   /* USER CODE BEGIN LPUART1_MspDeInit 0 */
 296:Src/stm32l4xx_hal_msp.c **** 
 297:Src/stm32l4xx_hal_msp.c ****   /* USER CODE END LPUART1_MspDeInit 0 */
 298:Src/stm32l4xx_hal_msp.c ****     /* Peripheral clock disable */
 299:Src/stm32l4xx_hal_msp.c ****     __HAL_RCC_LPUART1_CLK_DISABLE();
 300:Src/stm32l4xx_hal_msp.c ****   
 301:Src/stm32l4xx_hal_msp.c ****     /**LPUART1 GPIO Configuration    
ARM GAS  C:\Users\bhimebau\AppData\Local\Temp\cceIdo6z.s 			page 16


 302:Src/stm32l4xx_hal_msp.c ****     PA2     ------> LPUART1_TX
 303:Src/stm32l4xx_hal_msp.c ****     PA3     ------> LPUART1_RX 
 304:Src/stm32l4xx_hal_msp.c ****     */
 305:Src/stm32l4xx_hal_msp.c ****     HAL_GPIO_DeInit(GPIOA, GPIO_PIN_2|GPIO_PIN_3);
 306:Src/stm32l4xx_hal_msp.c **** 
 307:Src/stm32l4xx_hal_msp.c ****   /* USER CODE BEGIN LPUART1_MspDeInit 1 */
 308:Src/stm32l4xx_hal_msp.c **** 
 309:Src/stm32l4xx_hal_msp.c ****   /* USER CODE END LPUART1_MspDeInit 1 */
 310:Src/stm32l4xx_hal_msp.c ****   }
 311:Src/stm32l4xx_hal_msp.c **** 
 312:Src/stm32l4xx_hal_msp.c **** }
 533              		.loc 1 312 0
 534 000a 08BD     		pop	{r3, pc}
 535              	.LVL29:
 536              	.L38:
 299:Src/stm32l4xx_hal_msp.c ****   
 537              		.loc 1 299 0
 538 000c 064A     		ldr	r2, .L39+4
 539 000e D36D     		ldr	r3, [r2, #92]
 540 0010 23F00103 		bic	r3, r3, #1
 541 0014 D365     		str	r3, [r2, #92]
 305:Src/stm32l4xx_hal_msp.c **** 
 542              		.loc 1 305 0
 543 0016 0C21     		movs	r1, #12
 544 0018 4FF09040 		mov	r0, #1207959552
 545              	.LVL30:
 546 001c FFF7FEFF 		bl	HAL_GPIO_DeInit
 547              	.LVL31:
 548              		.loc 1 312 0
 549 0020 F3E7     		b	.L35
 550              	.L40:
 551 0022 00BF     		.align	2
 552              	.L39:
 553 0024 00800040 		.word	1073774592
 554 0028 00100240 		.word	1073876992
 555              		.cfi_endproc
 556              	.LFE129:
 558              		.text
 559              	.Letext0:
 560              		.file 2 "c:\\program files (x86)\\gnu tools arm embedded\\7 2018-q2-update\\arm-none-eabi\\include
 561              		.file 3 "c:\\program files (x86)\\gnu tools arm embedded\\7 2018-q2-update\\arm-none-eabi\\include
 562              		.file 4 "Drivers/CMSIS/Include/core_cm4.h"
 563              		.file 5 "Drivers/CMSIS/Device/ST/STM32L4xx/Include/system_stm32l4xx.h"
 564              		.file 6 "Drivers/CMSIS/Device/ST/STM32L4xx/Include/stm32l432xx.h"
 565              		.file 7 "Drivers/STM32L4xx_HAL_Driver/Inc/stm32l4xx_hal_def.h"
 566              		.file 8 "Drivers/STM32L4xx_HAL_Driver/Inc/stm32l4xx_hal_gpio.h"
 567              		.file 9 "Drivers/STM32L4xx_HAL_Driver/Inc/stm32l4xx_hal_dma.h"
 568              		.file 10 "Drivers/STM32L4xx_HAL_Driver/Inc/stm32l4xx_hal_i2c.h"
 569              		.file 11 "Drivers/STM32L4xx_HAL_Driver/Inc/stm32l4xx_hal_smbus.h"
 570              		.file 12 "Drivers/STM32L4xx_HAL_Driver/Inc/stm32l4xx_hal_uart.h"
 571              		.file 13 "Drivers/STM32L4xx_HAL_Driver/Inc/stm32l4xx_hal.h"
ARM GAS  C:\Users\bhimebau\AppData\Local\Temp\cceIdo6z.s 			page 17


DEFINED SYMBOLS
                            *ABS*:00000000 stm32l4xx_hal_msp.c
C:\Users\bhimebau\AppData\Local\Temp\cceIdo6z.s:18     .text.HAL_MspInit:00000000 $t
C:\Users\bhimebau\AppData\Local\Temp\cceIdo6z.s:25     .text.HAL_MspInit:00000000 HAL_MspInit
C:\Users\bhimebau\AppData\Local\Temp\cceIdo6z.s:66     .text.HAL_MspInit:0000002c $d
C:\Users\bhimebau\AppData\Local\Temp\cceIdo6z.s:71     .text.HAL_SMBUS_MspInit:00000000 $t
C:\Users\bhimebau\AppData\Local\Temp\cceIdo6z.s:78     .text.HAL_SMBUS_MspInit:00000000 HAL_SMBUS_MspInit
C:\Users\bhimebau\AppData\Local\Temp\cceIdo6z.s:165    .text.HAL_SMBUS_MspInit:00000064 $d
C:\Users\bhimebau\AppData\Local\Temp\cceIdo6z.s:171    .text.HAL_I2C_MspInit:00000000 $t
C:\Users\bhimebau\AppData\Local\Temp\cceIdo6z.s:178    .text.HAL_I2C_MspInit:00000000 HAL_I2C_MspInit
C:\Users\bhimebau\AppData\Local\Temp\cceIdo6z.s:295    .text.HAL_I2C_MspInit:00000094 $d
C:\Users\bhimebau\AppData\Local\Temp\cceIdo6z.s:302    .text.HAL_SMBUS_MspDeInit:00000000 $t
C:\Users\bhimebau\AppData\Local\Temp\cceIdo6z.s:309    .text.HAL_SMBUS_MspDeInit:00000000 HAL_SMBUS_MspDeInit
C:\Users\bhimebau\AppData\Local\Temp\cceIdo6z.s:348    .text.HAL_SMBUS_MspDeInit:00000024 $d
C:\Users\bhimebau\AppData\Local\Temp\cceIdo6z.s:354    .text.HAL_I2C_MspDeInit:00000000 $t
C:\Users\bhimebau\AppData\Local\Temp\cceIdo6z.s:361    .text.HAL_I2C_MspDeInit:00000000 HAL_I2C_MspDeInit
C:\Users\bhimebau\AppData\Local\Temp\cceIdo6z.s:405    .text.HAL_I2C_MspDeInit:0000002c $d
C:\Users\bhimebau\AppData\Local\Temp\cceIdo6z.s:412    .text.HAL_UART_MspInit:00000000 $t
C:\Users\bhimebau\AppData\Local\Temp\cceIdo6z.s:419    .text.HAL_UART_MspInit:00000000 HAL_UART_MspInit
C:\Users\bhimebau\AppData\Local\Temp\cceIdo6z.s:502    .text.HAL_UART_MspInit:00000064 $d
C:\Users\bhimebau\AppData\Local\Temp\cceIdo6z.s:507    .text.HAL_UART_MspDeInit:00000000 $t
C:\Users\bhimebau\AppData\Local\Temp\cceIdo6z.s:514    .text.HAL_UART_MspDeInit:00000000 HAL_UART_MspDeInit
C:\Users\bhimebau\AppData\Local\Temp\cceIdo6z.s:553    .text.HAL_UART_MspDeInit:00000024 $d

UNDEFINED SYMBOLS
HAL_GPIO_Init
HAL_GPIO_DeInit
